#
# There is insufficient memory for the Java Runtime Environment to continue.
# Native memory allocation (malloc) failed to allocate 56016 bytes for Chunk::new
# Possible reasons:
#   The system is out of physical RAM or swap space
#   The process is running with CompressedOops enabled, and the Java Heap may be blocking the growth of the native heap
# Possible solutions:
#   Reduce memory load on the system
#   Increase physical memory or swap space
#   Check if swap backing store is full
#   Decrease Java heap size (-Xmx/-Xms)
#   Decrease number of Java threads
#   Decrease Java thread stack sizes (-Xss)
#   Set larger code cache with -XX:ReservedCodeCacheSize=
#   JVM is running with Unscaled Compressed Oops mode in which the Java heap is
#     placed in the first 4GB address space. The Java Heap base address is the
#     maximum limit for the native heap growth. Please use -XX:HeapBaseMinAddress
#     to set the Java Heap base and to place the Java Heap above 4GB virtual address.
# This output file may be truncated or incomplete.
#
#  Out of Memory Error (allocation.cpp:390), pid=18012, tid=0x0000000000004054
#
# JRE version: Java(TM) SE Runtime Environment (8.0_201-b09) (build 1.8.0_201-b09)
# Java VM: Java HotSpot(TM) 64-Bit Server VM (25.201-b09 mixed mode windows-amd64 compressed oops)
# Failed to write core dump. Minidumps are not enabled by default on client versions of Windows
#

---------------  T H R E A D  ---------------

Current thread (0x000000001a3ca000):  JavaThread "C2 CompilerThread1" daemon [_thread_in_native, id=16468, stack(0x000000001ad30000,0x000000001ae30000)]

Stack: [0x000000001ad30000,0x000000001ae30000]
[error occurred during error reporting (printing stack bounds), id 0xc0000005]

Native frames: (J=compiled Java code, j=interpreted, Vv=VM code, C=native code)


Current CompileTask:
C2:   1389 1053       4       java.io.DataOutputStream::writeUTF (435 bytes)


---------------  P R O C E S S  ---------------

Java Threads: ( => current thread )
  0x000000001a481000 JavaThread "Service Thread" daemon [_thread_blocked, id=15668, stack(0x000000001b030000,0x000000001b130000)]
  0x000000001a3ed000 JavaThread "C1 CompilerThread3" daemon [_thread_in_vm, id=15824, stack(0x000000001af30000,0x000000001b030000)]
  0x000000001a3d9800 JavaThread "C2 CompilerThread2" daemon [_thread_blocked, id=12824, stack(0x000000001ae30000,0x000000001af30000)]
=>0x000000001a3ca000 JavaThread "C2 CompilerThread1" daemon [_thread_in_native, id=16468, stack(0x000000001ad30000,0x000000001ae30000)]
  0x000000001a3c9000 JavaThread "C2 CompilerThread0" daemon [_thread_blocked, id=13888, stack(0x000000001ac30000,0x000000001ad30000)]
  0x000000001a3bd800 JavaThread "Monitor Ctrl-Break" daemon [_thread_in_native, id=18208, stack(0x000000001ab30000,0x000000001ac30000)]
  0x000000001851c000 JavaThread "Attach Listener" daemon [_thread_blocked, id=10964, stack(0x000000001aa20000,0x000000001ab20000)]
  0x000000001a355800 JavaThread "Signal Dispatcher" daemon [_thread_blocked, id=11108, stack(0x000000001a920000,0x000000001aa20000)]
  0x0000000018514000 JavaThread "Finalizer" daemon [_thread_blocked, id=836, stack(0x000000001a810000,0x000000001a910000)]
  0x000000001a330800 JavaThread "Reference Handler" daemon [_thread_blocked, id=18272, stack(0x000000001a710000,0x000000001a810000)]
  0x0000000003399000 JavaThread "main" [_thread_in_vm, id=15200, stack(0x0000000003290000,0x0000000003390000)]

Other Threads:
  0x0000000018505800 VMThread [stack: 0x000000001a210000,0x000000001a310000] [id=7884]
  0x000000001a44f800 WatcherThread [stack: 0x000000001b130000,0x000000001b230000] [id=8656]

VM state:not at safepoint (normal execution)

VM Mutex/Monitor currently owned by a thread: None

heap address: 0x0000000081c00000, size: 2020 MB, Compressed Oops mode: 32-bit
Narrow klass base: 0x0000000000000000, Narrow klass shift: 3
Compressed class space size: 1073741824 Address: 0x0000000100000000

Heap:
 PSYoungGen      total 38400K, used 17673K [0x00000000d5f00000, 0x00000000d8980000, 0x0000000100000000)
  eden space 33280K, 39% used [0x00000000d5f00000,0x00000000d6bf4900,0x00000000d7f80000)
  from space 5120K, 98% used [0x00000000d7f80000,0x00000000d846f7b0,0x00000000d8480000)
  to   space 5120K, 0% used [0x00000000d8480000,0x00000000d8480000,0x00000000d8980000)
 ParOldGen       total 87552K, used 16K [0x0000000081c00000, 0x0000000087180000, 0x00000000d5f00000)
  object space 87552K, 0% used [0x0000000081c00000,0x0000000081c04000,0x0000000087180000)
 Metaspace       used 10784K, capacity 11726K, committed 11904K, reserved 1058816K
  class space    used 1372K, capacity 1573K, committed 1664K, reserved 1048576K

Card table byte_map: [0x0000000012950000,0x0000000012d50000] byte_map_base: 0x0000000012542000

Marking Bits: (ParMarkBitMap*) 0x0000000060364ce0
 Begin Bits: [0x0000000013800000, 0x0000000015790000)
 End Bits:   [0x0000000015790000, 0x0000000017720000)

Polling page: 0x00000000014f0000

CodeCache: size=245760Kb used=4084Kb max_used=4084Kb free=241675Kb
 bounds [0x0000000003590000, 0x0000000003990000, 0x0000000012590000]
 total_blobs=1390 nmethods=1067 adapters=235
 compilation: enabled

Compilation events (10 events):
Event: 1.381 Thread 0x000000001a3ed000 1059       3       org.springframework.util.ConcurrentReferenceHashMap$Segment::getIndex (7 bytes)
Event: 1.381 Thread 0x000000001a3ed000 nmethod 1059 0x000000000398b290 code [0x000000000398b3e0, 0x000000000398b550]
Event: 1.383 Thread 0x000000001a3ed000 1060       3       sun.reflect.ConstructorAccessorImpl::<init> (5 bytes)
Event: 1.383 Thread 0x000000001a3ed000 nmethod 1060 0x000000000398b610 code [0x000000000398b780, 0x000000000398b990]
Event: 1.385 Thread 0x000000001a3ed000 1061       3       org.springframework.util.ConcurrentReferenceHashMap$Segment::findInChain (66 bytes)
Event: 1.385 Thread 0x000000001a3ed000 nmethod 1061 0x000000000398ba50 code [0x000000000398bc00, 0x000000000398c2e8]
Event: 1.385 Thread 0x000000001a3ed000 1063       3       org.springframework.util.Assert::notNull (14 bytes)
Event: 1.386 Thread 0x000000001a3ed000 nmethod 1063 0x000000000398c590 code [0x000000000398c700, 0x000000000398c928]
Event: 1.386 Thread 0x000000001a3ed000 1062       1       java.lang.reflect.Field::getName (5 bytes)
Event: 1.386 Thread 0x000000001a3ed000 nmethod 1062 0x000000000398ca10 code [0x000000000398cb60, 0x000000000398cc70]

GC Heap History (2 events):
Event: 1.197 GC heap before
{Heap before GC invocations=1 (full 0):
 PSYoungGen      total 38400K, used 33280K [0x00000000d5f00000, 0x00000000d8980000, 0x0000000100000000)
  eden space 33280K, 100% used [0x00000000d5f00000,0x00000000d7f80000,0x00000000d7f80000)
  from space 5120K, 0% used [0x00000000d8480000,0x00000000d8480000,0x00000000d8980000)
  to   space 5120K, 0% used [0x00000000d7f80000,0x00000000d7f80000,0x00000000d8480000)
 ParOldGen       total 87552K, used 0K [0x0000000081c00000, 0x0000000087180000, 0x00000000d5f00000)
  object space 87552K, 0% used [0x0000000081c00000,0x0000000081c00000,0x0000000087180000)
 Metaspace       used 9668K, capacity 10520K, committed 10752K, reserved 1058816K
  class space    used 1229K, capacity 1410K, committed 1536K, reserved 1048576K
Event: 1.205 GC heap after
Heap after GC invocations=1 (full 0):
 PSYoungGen      total 38400K, used 5053K [0x00000000d5f00000, 0x00000000d8980000, 0x0000000100000000)
  eden space 33280K, 0% used [0x00000000d5f00000,0x00000000d5f00000,0x00000000d7f80000)
  from space 5120K, 98% used [0x00000000d7f80000,0x00000000d846f7b0,0x00000000d8480000)
  to   space 5120K, 0% used [0x00000000d8480000,0x00000000d8480000,0x00000000d8980000)
 ParOldGen       total 87552K, used 16K [0x0000000081c00000, 0x0000000087180000, 0x00000000d5f00000)
  object space 87552K, 0% used [0x0000000081c00000,0x0000000081c04000,0x0000000087180000)
 Metaspace       used 9668K, capacity 10520K, committed 10752K, reserved 1058816K
  class space    used 1229K, capacity 1410K, committed 1536K, reserved 1048576K
}

Deoptimization events (6 events):
Event: 0.526 Thread 0x0000000003399000 Uncommon trap: reason=unstable_if action=reinterpret pc=0x0000000003725434 method=java.lang.String.indexOf([CII[CIII)I @ 3
Event: 1.181 Thread 0x0000000003399000 Uncommon trap: reason=unstable_if action=reinterpret pc=0x00000000037d36b4 method=sun.misc.URLClassPath$JarLoader.getResource(Ljava/lang/String;Z)Lsun/misc/Resource; @ 15
Event: 1.284 Thread 0x0000000003399000 Uncommon trap: reason=class_check action=maybe_recompile pc=0x00000000037277d4 method=java.lang.String.equals(Ljava/lang/Object;)Z @ 8
Event: 1.289 Thread 0x0000000003399000 Uncommon trap: reason=class_check action=maybe_recompile pc=0x00000000037277d4 method=java.lang.String.equals(Ljava/lang/Object;)Z @ 8
Event: 1.289 Thread 0x0000000003399000 Uncommon trap: reason=class_check action=maybe_recompile pc=0x00000000037277d4 method=java.lang.String.equals(Ljava/lang/Object;)Z @ 8
Event: 1.295 Thread 0x0000000003399000 Uncommon trap: reason=class_check action=maybe_recompile pc=0x00000000037277d4 method=java.lang.String.equals(Ljava/lang/Object;)Z @ 8

Classes redefined (0 events):
No events

Internal exceptions (10 events):
Event: 0.906 Thread 0x0000000003399000 Exception <a 'java/lang/NoSuchMethodError': java.lang.Object.lambda$accept$0(Lorg/junit/platform/engine/TestDescriptor$Visitor;Lorg/junit/platform/engine/TestDescriptor;)V> (0x00000000d7322888) thrown at [C:\re\workspace\8-2-build-windows-amd64-cygwin\jdk
Event: 0.913 Thread 0x0000000003399000 Exception <a 'java/lang/NoSuchMethodError': java.lang.Object.containsTests(Lorg/junit/platform/engine/TestDescriptor;)Z> (0x00000000d735dfa0) thrown at [C:\re\workspace\8-2-build-windows-amd64-cygwin\jdk8u201\12322\hotspot\src\share\vm\interpreter\linkRes
Event: 0.928 Thread 0x0000000003399000 Exception <a 'java/lang/IncompatibleClassChangeError': Found class java.lang.Object, but interface was expected> (0x00000000d73cb6c0) thrown at [C:\re\workspace\8-2-build-windows-amd64-cygwin\jdk8u201\12322\hotspot\src\share\vm\interpreter\linkResolver.cp
Event: 0.956 Thread 0x0000000003399000 Exception <a 'java/lang/NoSuchMethodError': java.lang.Object.lambda$comparing$77a9974f$1(Ljava/util/function/Function;Ljava/lang/Object;Ljava/lang/Object;)I> (0x00000000d74e1640) thrown at [C:\re\workspace\8-2-build-windows-amd64-cygwin\jdk8u201\12322\hot
Event: 0.959 Thread 0x0000000003399000 Exception <a 'java/lang/NoSuchMethodError': java.lang.Object.lambda$thenComparing$36697e65$1(Ljava/util/Comparator;Ljava/lang/Object;Ljava/lang/Object;)I> (0x00000000d74f2af8) thrown at [C:\re\workspace\8-2-build-windows-amd64-cygwin\jdk8u201\12322\hotspo
Event: 0.959 Thread 0x0000000003399000 Exception <a 'java/lang/NoSuchMethodError': java.lang.Object.lambda$comparing$ea9a8b3a$1(Ljava/util/Comparator;Ljava/util/function/Function;Ljava/lang/Object;Ljava/lang/Object;)I> (0x00000000d74fa700) thrown at [C:\re\workspace\8-2-build-windows-amd64-cyg
Event: 1.046 Thread 0x0000000003399000 Exception <a 'java/lang/NoSuchMethodError': java.lang.Object.lambda$and$0(Lorg/springframework/util/ReflectionUtils$MethodFilter;Ljava/lang/reflect/Method;)Z> (0x00000000d7859a28) thrown at [C:\re\workspace\8-2-build-windows-amd64-cygwin\jdk8u201\12322\ho
Event: 1.047 Thread 0x0000000003399000 Exception <a 'java/lang/NoSuchMethodError': java.lang.Object.lambda$and$0(Ljava/util/function/Predicate;Ljava/lang/Object;)Z> (0x00000000d7874338) thrown at [C:\re\workspace\8-2-build-windows-amd64-cygwin\jdk8u201\12322\hotspot\src\share\vm\interpreter\li
Event: 1.157 Thread 0x0000000003399000 Exception <a 'java/io/FileNotFoundException'> (0x00000000d7df6598) thrown at [C:\re\workspace\8-2-build-windows-amd64-cygwin\jdk8u201\12322\hotspot\src\share\vm\prims\jni.cpp, line 709]
Event: 1.221 Thread 0x0000000003399000 Exception <a 'java/lang/NoSuchMethodError': org.slf4j.impl.StaticMDCBinder.getSingleton()Lorg/slf4j/impl/StaticMDCBinder;> (0x00000000d5fa0f80) thrown at [C:\re\workspace\8-2-build-windows-amd64-cygwin\jdk8u201\12322\hotspot\src\share\vm\interpreter\linkR

Events (10 events):
Event: 1.383 loading class org/springframework/boot/test/mock/mockito/DefinitionsParser
Event: 1.383 loading class org/springframework/boot/test/mock/mockito/DefinitionsParser done
Event: 1.384 loading class org/springframework/boot/test/mock/mockito/DefinitionsParser
Event: 1.384 loading class org/springframework/boot/test/mock/mockito/DefinitionsParser done
Event: 1.384 loading class org/springframework/util/ReflectionUtils$FieldCallback
Event: 1.384 loading class org/springframework/util/ReflectionUtils$FieldCallback done
Event: 1.385 loading class org/springframework/boot/test/mock/mockito/MockitoContextCustomizer
Event: 1.385 loading class org/springframework/boot/test/mock/mockito/MockitoContextCustomizer done
Event: 1.386 loading class org/springframework/boot/test/web/client/TestRestTemplateContextCustomizer
Event: 1.386 loading class org/springframework/boot/test/web/client/TestRestTemplateContextCustomizer done


Dynamic libraries:
0x00007ff65b160000 - 0x00007ff65b197000 	C:\Program Files\Java\jdk1.8.0_201\bin\java.exe
0x00007fff56610000 - 0x00007fff56805000 	C:\WINDOWS\SYSTEM32\ntdll.dll
0x00007fff555f0000 - 0x00007fff556ae000 	C:\WINDOWS\System32\KERNEL32.DLL
0x00007fff53e60000 - 0x00007fff54128000 	C:\WINDOWS\System32\KERNELBASE.dll
0x00007fff55540000 - 0x00007fff555ee000 	C:\WINDOWS\System32\ADVAPI32.dll
0x00007fff55f50000 - 0x00007fff55fee000 	C:\WINDOWS\System32\msvcrt.dll
0x00007fff562f0000 - 0x00007fff5638c000 	C:\WINDOWS\System32\sechost.dll
0x00007fff557b0000 - 0x00007fff558d5000 	C:\WINDOWS\System32\RPCRT4.dll
0x00007fff55360000 - 0x00007fff55501000 	C:\WINDOWS\System32\USER32.dll
0x00007fff54380000 - 0x00007fff543a2000 	C:\WINDOWS\System32\win32u.dll
0x00007fff55510000 - 0x00007fff5553b000 	C:\WINDOWS\System32\GDI32.dll
0x00007fff543b0000 - 0x00007fff544bd000 	C:\WINDOWS\System32\gdi32full.dll
0x00007fff542e0000 - 0x00007fff5437d000 	C:\WINDOWS\System32\msvcp_win.dll
0x00007fff544c0000 - 0x00007fff545c0000 	C:\WINDOWS\System32\ucrtbase.dll
0x00007fff3a8a0000 - 0x00007fff3ab3a000 	C:\WINDOWS\WinSxS\amd64_microsoft.windows.common-controls_6595b64144ccf1df_6.0.19041.1110_none_60b5254171f9507e\COMCTL32.dll
0x00007fff556b0000 - 0x00007fff556e0000 	C:\WINDOWS\System32\IMM32.DLL
0x0000000060d70000 - 0x0000000060e41000 	C:\Program Files\Java\jdk1.8.0_201\jre\bin\msvcr100.dll
0x000000005fb40000 - 0x00000000603e4000 	C:\Program Files\Java\jdk1.8.0_201\jre\bin\server\jvm.dll
0x00007fff56520000 - 0x00007fff56528000 	C:\WINDOWS\System32\PSAPI.DLL
0x00007fff4cf10000 - 0x00007fff4cf19000 	C:\WINDOWS\SYSTEM32\WSOCK32.dll
0x00007fff559b0000 - 0x00007fff55a1b000 	C:\WINDOWS\System32\WS2_32.dll
0x00007fff4cb10000 - 0x00007fff4cb1a000 	C:\WINDOWS\SYSTEM32\VERSION.dll
0x00007fff3fd70000 - 0x00007fff3fd97000 	C:\WINDOWS\SYSTEM32\WINMM.dll
0x00007fff4ddf0000 - 0x00007fff4ddff000 	C:\Program Files\Java\jdk1.8.0_201\jre\bin\verify.dll
0x00007fff4ca50000 - 0x00007fff4ca79000 	C:\Program Files\Java\jdk1.8.0_201\jre\bin\java.dll
0x00007fff4ca20000 - 0x00007fff4ca43000 	C:\Program Files\Java\jdk1.8.0_201\jre\bin\instrument.dll
0x00007fff4ddd0000 - 0x00007fff4dde6000 	C:\Program Files\Java\jdk1.8.0_201\jre\bin\zip.dll
0x00007fff54650000 - 0x00007fff54d94000 	C:\WINDOWS\System32\SHELL32.dll
0x00007fff51df0000 - 0x00007fff52585000 	C:\WINDOWS\SYSTEM32\windows.storage.dll
0x00007fff55000000 - 0x00007fff55355000 	C:\WINDOWS\System32\combase.dll
0x00007fff53770000 - 0x00007fff5379e000 	C:\WINDOWS\SYSTEM32\Wldp.dll
0x00007fff56470000 - 0x00007fff5651d000 	C:\WINDOWS\System32\SHCORE.dll
0x00007fff54ec0000 - 0x00007fff54f15000 	C:\WINDOWS\System32\shlwapi.dll
0x00007fff53c60000 - 0x00007fff53c7f000 	C:\WINDOWS\SYSTEM32\profapi.dll
0x00007fff49650000 - 0x00007fff4966a000 	D:\idea\IntelliJ IDEA 2020.3.2\bin\breakgen64.dll
0x00007fff4d110000 - 0x00007fff4d12a000 	C:\Program Files\Java\jdk1.8.0_201\jre\bin\net.dll
0x00007fff40b90000 - 0x00007fff40d7b000 	C:\WINDOWS\SYSTEM32\urlmon.dll
0x00007fff408e0000 - 0x00007fff40b90000 	C:\WINDOWS\SYSTEM32\iertutil.dll
0x00007fff44b20000 - 0x00007fff44b48000 	C:\WINDOWS\SYSTEM32\srvcli.dll
0x00007fff532d0000 - 0x00007fff532dc000 	C:\WINDOWS\SYSTEM32\netutils.dll
0x00007fff534d0000 - 0x00007fff5353a000 	C:\WINDOWS\system32\mswsock.dll

VM Arguments:
jvm_args: -ea -Didea.test.cyclic.buffer.size=1048576 -javaagent:D:\idea\IntelliJ IDEA 2020.3.2\lib\idea_rt.jar=55852:D:\idea\IntelliJ IDEA 2020.3.2\bin -Dfile.encoding=UTF-8 
java_command: com.intellij.rt.junit.JUnitStarter -ideVersion5 -junit5 com.change.CarbonApplicationTests,addScore
java_class_path (initial): D:\idea\IntelliJ IDEA 2020.3.2\lib\idea_rt.jar;C:\Users\ASUS\.m2\repository\org\junit\platform\junit-platform-launcher\1.7.2\junit-platform-launcher-1.7.2.jar;C:\Users\ASUS\.m2\repository\org\apiguardian\apiguardian-api\1.1.0\apiguardian-api-1.1.0.jar;C:\Users\ASUS\.m2\repository\org\junit\platform\junit-platform-engine\1.7.2\junit-platform-engine-1.7.2.jar;C:\Users\ASUS\.m2\repository\org\opentest4j\opentest4j\1.2.0\opentest4j-1.2.0.jar;C:\Users\ASUS\.m2\repository\org\junit\platform\junit-platform-commons\1.7.2\junit-platform-commons-1.7.2.jar;D:\idea\IntelliJ IDEA 2020.3.2\plugins\junit\lib\junit5-rt.jar;D:\idea\IntelliJ IDEA 2020.3.2\plugins\junit\lib\junit-rt.jar;C:\Program Files\Java\jdk1.8.0_201\jre\lib\charsets.jar;C:\Program Files\Java\jdk1.8.0_201\jre\lib\deploy.jar;C:\Program Files\Java\jdk1.8.0_201\jre\lib\ext\access-bridge-64.jar;C:\Program Files\Java\jdk1.8.0_201\jre\lib\ext\cldrdata.jar;C:\Program Files\Java\jdk1.8.0_201\jre\lib\ext\dnsns.jar;C:\Program Files\Java\jdk1.8.0_201\jre\lib\ext\jaccess.jar;C:\Program Files\Java\jdk1.8.0_201\jre\lib\ext\jfxrt.jar;C:\Program Files\Java\jdk1.8.0_201\jre\lib\ext\localedata.jar;C:\Program Files\Java\jdk1.8.0_201\jre\lib\ext\nashorn.jar;C:\Program Files\Java\jdk1.8.0_201\jre\lib\ext\sunec.jar;C:\Program Files\Java\jdk1.8.0_201\jre\lib\ext\sunjce_provider.jar;C:\Program Files\Java\jdk1.8.0_201\jre\lib\ext\sunmscapi.jar;C:\Program Files\Java\jdk1.8.0_201\jre\lib\ext\sunpkcs11.jar;C:\Program Files\Java\jdk1.8.0_201\jre\lib\ext\zipfs.jar;C:\Program Files\Java\jdk1.8.0_201\jre\lib\javaws.jar;C:\Program Files\Java\jdk1.8.0_201\jre\lib\jce.jar;C:\Program Files\Java\jdk1.8.0_201\jre\lib\jfr.jar;C:\Program Files\Java\jdk1.8.0_201\jre\lib\jfxswt.jar;C:\Program Files\Java\jdk1.8.0_201\jre\lib\jsse.jar;C:\Program Files\Java\jdk1.8.0_201\jre\lib\management-agent.jar;C:\Program Files\Java\jdk1.8.0_201\jre\lib\plugin.jar;C:\Program Files\Java\jdk1.8.0_201\jre\lib\resources.jar;C:\Program Files\Java\
Launcher Type: SUN_STANDARD

Environment Variables:
JAVA_HOME=C:\Program Files\Java\jdk1.8.0_201
CLASSPATH=.;C:\Program Files\Java\jdk1.8.0_201\lib;C:\Program Files\Java\jdk1.8.0_201\lib\tools.jar
PATH=C:\Program Files\Java\jdk1.8.0_201\bin;C:\Program Files\Common Files\Oracle\Java\javapath;C:\Program Files\Java\jdk1.8.0_201\jre\bin;C:\ProgramData\Oracle\Java\javapath;C:\Program Files (x86)\Intel\Intel(R) Management Engine Components\iCLS\;C:\Program Files\Intel\Intel(R) Management Engine Components\iCLS\;C:\Windows\system32;C:\Windows;C:\Windows\System32\Wbem;C:\Windows\System32\WindowsPowerShell\v1.0\;C:\Windows\System32\OpenSSH\;C:\Program Files (x86)\Intel\Intel(R) Management Engine Components\DAL;C:\Program Files\Intel\Intel(R) Management Engine Components\DAL;C:\Program Files (x86)\Intel\Intel(R) Management Engine Components\IPT;C:\Program Files\Intel\Intel(R) Management Engine Components\IPT;C:\Program Files (x86)\NVIDIA Corporation\PhysX\Common;C:\Program Files\Intel\WiFi\bin\;C:\Program Files\Common Files\Intel\WirelessCommon\;C:\WINDOWS\system32;C:\WINDOWS;C:\WINDOWS\System32\Wbem;C:\WINDOWS\System32\WindowsPowerShell\v1.0\;C:\WINDOWS\System32\OpenSSH\;C:\Program Files\nodejs\;D:\database\MySQL\mysql-8.0.23-winx64\bin;C:\Program Files\Java\jdk-15.0.2\bin;";C:\WINDOWS\system32";D:\git for window\Git\cmd;D:\apache-maven\apache-maven-3.8.2\bin;D:\tomcat\apache-tomcat-9.0.54\bin;";D:\WXleting\微信web开发者工具\dll";D:\VisualSVN Server\bin;D:\TortoiseSVN\bin;C:\Users\ASUS\AppData\Local\Microsoft\WindowsApps;C:\Users\ASUS\AppData\Roaming\npm;D:\idea\IntelliJ IDEA 2020.3.2\bin;;;D:\vscode\Microsoft VS Code\bin
USERNAME=ASUS
OS=Windows_NT
PROCESSOR_IDENTIFIER=Intel64 Family 6 Model 142 Stepping 10, GenuineIntel



---------------  S Y S T E M  ---------------

OS: Windows 10.0 , 64 bit Build 19041 (10.0.19041.1466)

CPU:total 8 (initial active 8) (4 cores per cpu, 2 threads per core) family 6 model 142 stepping 10, cmov, cx8, fxsr, mmx, sse, sse2, sse3, ssse3, sse4.1, sse4.2, popcnt, avx, avx2, aes, clmul, erms, 3dnowpref, lzcnt, ht, tsc, tscinvbit, bmi1, bmi2, adx

Memory: 4k page, physical 8267588k(1001728k free), swap 12934416k(4224k free)

vm_info: Java HotSpot(TM) 64-Bit Server VM (25.201-b09) for windows-amd64 JRE (1.8.0_201-b09), built on Dec 15 2018 18:36:39 by "java_re" with MS VC++ 10.0 (VS2010)

time: Fri Jan 21 11:00:43 2022
timezone: 中国标准时间
elapsed time: 1 seconds (0d 0h 0m 1s)

